TN:
SF:LinkedList.js
FN:2,(anonymous_0)
FN:7,(anonymous_1)
FN:13,(anonymous_2)
FN:22,(anonymous_3)
FN:31,(anonymous_4)
FN:36,(anonymous_5)
FN:49,(anonymous_6)
FN:55,(anonymous_7)
FNF:8
FNH:7
FNDA:10,(anonymous_0)
FNDA:26,(anonymous_1)
FNDA:8,(anonymous_2)
FNDA:4,(anonymous_3)
FNDA:1,(anonymous_4)
FNDA:0,(anonymous_5)
FNDA:27,(anonymous_6)
FNDA:9,(anonymous_7)
DA:3,10
DA:4,10
DA:8,26
DA:9,26
DA:10,26
DA:15,8
DA:16,4
DA:17,4
DA:18,6
DA:20,4
DA:23,4
DA:24,3
DA:25,3
DA:27,1
DA:28,1
DA:32,1
DA:33,1
DA:38,0
DA:39,0
DA:40,0
DA:41,0
DA:42,0
DA:44,0
DA:50,27
DA:51,27
DA:55,1
DA:56,9
DA:57,9
DA:58,23
DA:60,9
DA:63,1
LF:31
LH:25
BRDA:15,0,0,4
BRDA:15,0,1,4
BRDA:15,1,0,8
BRDA:15,1,1,6
BRDA:23,2,0,1
BRDA:23,2,1,3
BRDA:25,3,0,2
BRDA:25,3,1,1
BRF:8
BRH:8
end_of_record
